[2025-09-28 07:56:54] [debug] Raw input received - Context: {"input":"{\"rfid_id\":\"0012084805\",\"gate_location\":\"main_gate\"}"}
[2025-09-28 07:56:54] [debug] Parsed input - Context: {"rfid_id":"0012084805","gate_location":"main_gate"}
[2025-09-28 07:56:54] [debug] Database connection established
[2025-09-28 07:56:55] [debug] Pusher broadcast result - Context: {"success":true}
[2025-09-28 07:56:57] [debug] Arduino command sent - Context: {"command":"unauthorized","response":{"status":"error","message":"Arduino communication failed: Failed to connect to Python bridge"}}
[2025-09-28 07:57:30] [debug] Raw input received - Context: {"input":"{\"rfid_id\":\"0012084805\",\"gate_location\":\"main_gate\"}"}
[2025-09-28 07:57:30] [debug] Parsed input - Context: {"rfid_id":"0012084805","gate_location":"main_gate"}
[2025-09-28 07:57:30] [debug] Database connection established
[2025-09-28 07:57:30] [debug] Pusher broadcast result - Context: {"success":true}
[2025-09-28 07:57:32] [debug] Arduino command sent - Context: {"command":"unauthorized","response":{"status":"error","message":"Arduino communication failed: Failed to connect to Python bridge"}}
[2025-09-28 07:59:01] [debug] Raw input received - Context: {"input":"{\"rfid_id\":\"0012084805\",\"gate_location\":\"main_gate\"}"}
[2025-09-28 07:59:01] [debug] Parsed input - Context: {"rfid_id":"0012084805","gate_location":"main_gate"}
[2025-09-28 07:59:01] [debug] Database connection established
[2025-09-28 07:59:01] [debug] Pusher broadcast result - Context: {"success":true}
[2025-09-28 07:59:03] [debug] Arduino command sent - Context: {"command":"open","response":{"status":"error","message":"Arduino communication failed: Failed to connect to Python bridge"}}
[2025-09-28 08:01:36] [debug] Raw input received - Context: {"input":"{\"rfid_id\":\"0012084805\",\"gate_location\":\"main_gate\"}"}
[2025-09-28 08:01:36] [debug] Parsed input - Context: {"rfid_id":"0012084805","gate_location":"main_gate"}
[2025-09-28 08:01:36] [debug] Database connection established
[2025-09-28 08:01:37] [debug] Pusher broadcast result - Context: {"success":true}
[2025-09-28 08:01:37] [debug] Arduino command sent - Context: {"command":"open","response":{"command":"open","mode":"simulation","status":"sent"}}
[2025-09-28 08:29:58] [debug] Raw input received - Context: {"input":"{\"rfid_id\":\"0012084805\",\"gate_location\":\"main_gate\"}"}
[2025-09-28 08:29:58] [debug] Parsed input - Context: {"rfid_id":"0012084805","gate_location":"main_gate"}
[2025-09-28 08:29:58] [debug] Database connection established
[2025-09-28 08:29:58] [debug] Pusher broadcast result - Context: {"success":true}
[2025-09-28 08:29:58] [debug] Arduino command sent - Context: {"command":"open","response":{"command":"open","mode":"arduino","status":"sent"}}
[2025-09-28 08:30:04] [debug] Raw input received - Context: {"input":"{\"rfid_id\":\"0012084805\",\"gate_location\":\"main_gate\"}"}
[2025-09-28 08:30:04] [debug] Parsed input - Context: {"rfid_id":"0012084805","gate_location":"main_gate"}
[2025-09-28 08:30:04] [debug] Database connection established
[2025-09-28 08:30:04] [debug] Pusher broadcast result - Context: {"success":true}
[2025-09-28 08:30:04] [debug] Arduino command sent - Context: {"command":"open","response":{"command":"open","mode":"arduino","status":"sent"}}
[2025-09-28 08:30:11] [debug] Raw input received - Context: {"input":"{\"rfid_id\":\"0012369501\",\"gate_location\":\"main_gate\"}"}
[2025-09-28 08:30:11] [debug] Parsed input - Context: {"rfid_id":"0012369501","gate_location":"main_gate"}
[2025-09-28 08:30:11] [debug] Database connection established
[2025-09-28 08:30:11] [debug] Pusher broadcast result - Context: {"success":true}
[2025-09-28 08:30:11] [debug] Arduino command sent - Context: {"command":"unauthorized","response":{"command":"unauthorized","mode":"arduino","status":"sent"}}
[2025-09-28 08:30:16] [debug] Raw input received - Context: {"input":"{\"rfid_id\":\"0012084805\",\"gate_location\":\"main_gate\"}"}
[2025-09-28 08:30:16] [debug] Parsed input - Context: {"rfid_id":"0012084805","gate_location":"main_gate"}
[2025-09-28 08:30:16] [debug] Database connection established
[2025-09-28 08:30:17] [debug] Pusher broadcast result - Context: {"success":true}
[2025-09-28 08:30:17] [debug] Arduino command sent - Context: {"command":"open","response":{"command":"open","mode":"arduino","status":"sent"}}
[2025-09-28 08:30:26] [debug] Raw input received - Context: {"input":"{\"rfid_id\":\"0012084805\",\"gate_location\":\"main_gate\"}"}
[2025-09-28 08:30:26] [debug] Parsed input - Context: {"rfid_id":"0012084805","gate_location":"main_gate"}
[2025-09-28 08:30:26] [debug] Database connection established
[2025-09-28 08:30:27] [debug] Pusher broadcast result - Context: {"success":true}
[2025-09-28 08:30:27] [debug] Arduino command sent - Context: {"command":"open","response":{"command":"open","mode":"arduino","status":"sent"}}
[2025-09-28 08:30:52] [debug] Raw input received - Context: {"input":"{\"rfid_id\":\"0012084805\",\"gate_location\":\"main_gate\"}"}
[2025-09-28 08:30:52] [debug] Parsed input - Context: {"rfid_id":"0012084805","gate_location":"main_gate"}
[2025-09-28 08:30:52] [debug] Database connection established
[2025-09-28 08:30:53] [debug] Pusher broadcast result - Context: {"success":true}
[2025-09-28 08:30:53] [debug] Arduino command sent - Context: {"command":"open","response":{"command":"open","mode":"arduino","status":"sent"}}
[2025-09-28 08:32:51] [debug] Raw input received - Context: {"input":"{\"rfid_id\":\"0012084805\",\"gate_location\":\"main_gate\"}"}
[2025-09-28 08:32:51] [debug] Parsed input - Context: {"rfid_id":"0012084805","gate_location":"main_gate"}
[2025-09-28 08:32:51] [debug] Database connection established
[2025-09-28 08:32:52] [debug] Pusher broadcast result - Context: {"success":true}
[2025-09-28 08:32:52] [debug] Arduino command sent - Context: {"command":"open","response":{"command":"open","mode":"arduino","status":"sent"}}
[2025-09-28 08:32:59] [debug] Raw input received - Context: {"input":"{\"rfid_id\":\"0012084805\",\"gate_location\":\"main_gate\"}"}
[2025-09-28 08:32:59] [debug] Parsed input - Context: {"rfid_id":"0012084805","gate_location":"main_gate"}
[2025-09-28 08:32:59] [debug] Database connection established
[2025-09-28 08:33:00] [debug] Pusher broadcast result - Context: {"success":true}
[2025-09-28 08:33:00] [debug] Arduino command sent - Context: {"command":"open","response":{"command":"open","mode":"arduino","status":"sent"}}
[2025-09-28 08:34:07] [debug] Raw input received - Context: {"input":"{\"rfid_id\":\"0012084805\",\"gate_location\":\"main_gate\"}"}
[2025-09-28 08:34:07] [debug] Parsed input - Context: {"rfid_id":"0012084805","gate_location":"main_gate"}
[2025-09-28 08:34:07] [debug] Database connection established
[2025-09-28 08:34:08] [debug] Pusher broadcast result - Context: {"success":true}
[2025-09-28 08:34:08] [debug] Arduino command sent - Context: {"command":"open","response":{"command":"open","mode":"arduino","status":"sent"}}
[2025-09-28 08:34:15] [debug] Raw input received - Context: {"input":"{\"rfid_id\":\"0012084805\",\"gate_location\":\"main_gate\"}"}
[2025-09-28 08:34:15] [debug] Parsed input - Context: {"rfid_id":"0012084805","gate_location":"main_gate"}
[2025-09-28 08:34:15] [debug] Database connection established
[2025-09-28 08:34:24] [debug] Pusher broadcast result - Context: {"success":true}
[2025-09-28 08:34:24] [debug] Arduino command sent - Context: {"command":"open","response":{"command":"open","mode":"arduino","status":"sent"}}
[2025-09-28 08:41:18] [debug] Raw input received - Context: {"input":"{\"rfid_id\":\"0012369501\",\"gate_location\":\"main_gate\"}"}
[2025-09-28 08:41:18] [debug] Parsed input - Context: {"rfid_id":"0012369501","gate_location":"main_gate"}
[2025-09-28 08:41:18] [debug] Database connection established
[2025-09-28 08:41:18] [debug] Pusher broadcast result - Context: {"success":true}
[2025-09-28 08:41:18] [debug] Arduino command sent - Context: {"command":"unauthorized","response":{"command":"unauthorized","mode":"arduino","status":"sent"}}
[2025-09-28 08:41:22] [debug] Raw input received - Context: {"input":"{\"rfid_id\":\"0012084805\",\"gate_location\":\"main_gate\"}"}
[2025-09-28 08:41:22] [debug] Parsed input - Context: {"rfid_id":"0012084805","gate_location":"main_gate"}
[2025-09-28 08:41:22] [debug] Database connection established
[2025-09-28 08:41:22] [debug] Pusher broadcast result - Context: {"success":true}
[2025-09-28 08:41:22] [debug] Arduino command sent - Context: {"command":"open","response":{"command":"open","mode":"arduino","status":"sent"}}
[2025-09-28 08:41:31] [debug] Raw input received - Context: {"input":"{\"rfid_id\":\"0012084805\",\"gate_location\":\"main_gate\"}"}
[2025-09-28 08:41:31] [debug] Parsed input - Context: {"rfid_id":"0012084805","gate_location":"main_gate"}
[2025-09-28 08:41:31] [debug] Database connection established
[2025-09-28 08:41:31] [debug] Pusher broadcast result - Context: {"success":true}
[2025-09-28 08:41:31] [debug] Arduino command sent - Context: {"command":"open","response":{"command":"open","mode":"arduino","status":"sent"}}
[2025-09-28 09:22:20] [debug] Raw input received - Context: {"input":"{\"rfid_id\":\"0012084805\",\"gate_location\":\"main_gate\"}"}
[2025-09-28 09:22:20] [debug] Parsed input - Context: {"rfid_id":"0012084805","gate_location":"main_gate"}
[2025-09-28 09:22:20] [debug] Database connection established
[2025-09-28 09:22:21] [debug] Pusher broadcast result - Context: {"success":true}
[2025-09-28 09:22:23] [debug] Arduino command sent - Context: {"command":"open","response":{"status":"error","message":"Arduino communication failed: Failed to connect to Python bridge"}}
[2025-09-28 09:24:22] [debug] Raw input received - Context: {"input":"{\"rfid_id\":\"0012084805\",\"gate_location\":\"main_gate\"}"}
[2025-09-28 09:24:22] [debug] Parsed input - Context: {"rfid_id":"0012084805","gate_location":"main_gate"}
[2025-09-28 09:24:22] [debug] Database connection established
[2025-09-28 09:24:22] [debug] Pusher broadcast result - Context: {"success":true}
[2025-09-28 09:24:22] [debug] Arduino command sent - Context: {"command":"open","response":{"command":"open","mode":"arduino","status":"sent"}}
[2025-09-28 09:25:45] [debug] Raw input received - Context: {"input":"{\"rfid_id\":\"0012084805\",\"gate_location\":\"main_gate\"}"}
[2025-09-28 09:25:45] [debug] Parsed input - Context: {"rfid_id":"0012084805","gate_location":"main_gate"}
[2025-09-28 09:25:45] [debug] Database connection established
[2025-09-28 09:25:45] [debug] Pusher broadcast result - Context: {"success":true}
[2025-09-28 09:25:45] [debug] Arduino command sent - Context: {"command":"open","response":{"command":"open","mode":"arduino","status":"sent"}}
[2025-09-28 09:32:55] [debug] Raw input received - Context: {"input":"{\"rfid_id\":\"0012084805\",\"gate_location\":\"main_gate\"}"}
[2025-09-28 09:32:55] [debug] Parsed input - Context: {"rfid_id":"0012084805","gate_location":"main_gate"}
[2025-09-28 09:32:55] [debug] Database connection established
[2025-09-28 09:32:55] [debug] Pusher broadcast result - Context: {"success":true}
[2025-09-28 09:32:55] [debug] Arduino command sent - Context: {"command":"open","response":{"command":"open","mode":"arduino","status":"sent"}}
[2025-09-28 09:32:55] [debug] Raw input received - Context: {"input":"{\"rfid_id\":\"0012084805\",\"gate_location\":\"main_gate\"}"}
[2025-09-28 09:32:55] [debug] Parsed input - Context: {"rfid_id":"0012084805","gate_location":"main_gate"}
[2025-09-28 09:32:55] [debug] Database connection established
[2025-09-28 09:32:56] [debug] Pusher broadcast result - Context: {"success":true}
[2025-09-28 09:32:56] [debug] Arduino command sent - Context: {"command":"open","response":{"command":"open","mode":"arduino","status":"sent"}}
[2025-09-28 09:32:58] [debug] Raw input received - Context: {"input":"{\"rfid_id\":\"0012084805\",\"gate_location\":\"main_gate\"}"}
[2025-09-28 09:32:58] [debug] Parsed input - Context: {"rfid_id":"0012084805","gate_location":"main_gate"}
[2025-09-28 09:32:58] [debug] Database connection established
[2025-09-28 09:32:59] [debug] Pusher broadcast result - Context: {"success":true}
[2025-09-28 09:32:59] [debug] Arduino command sent - Context: {"command":"open","response":{"command":"open","mode":"arduino","status":"sent"}}
[2025-09-28 09:33:00] [debug] Raw input received - Context: {"input":"{\"rfid_id\":\"0012084805\",\"gate_location\":\"main_gate\"}"}
[2025-09-28 09:33:00] [debug] Parsed input - Context: {"rfid_id":"0012084805","gate_location":"main_gate"}
[2025-09-28 09:33:00] [debug] Database connection established
[2025-09-28 09:33:00] [debug] Pusher broadcast result - Context: {"success":true}
[2025-09-28 09:33:00] [debug] Arduino command sent - Context: {"command":"open","response":{"command":"open","mode":"arduino","status":"sent"}}
[2025-09-28 09:33:07] [debug] Raw input received - Context: {"input":"{\"rfid_id\":\"RFID001\",\"gate_location\":\"main_gate\"}"}
[2025-09-28 09:33:07] [debug] Parsed input - Context: {"rfid_id":"RFID001","gate_location":"main_gate"}
[2025-09-28 09:33:07] [debug] Database connection established
[2025-09-28 09:33:08] [debug] Pusher broadcast result - Context: {"success":true}
[2025-09-28 09:33:08] [debug] Arduino command sent - Context: {"command":"unauthorized","response":{"command":"unauthorized","mode":"arduino","status":"sent"}}
[2025-09-28 09:33:10] [debug] Raw input received - Context: {"input":"{\"rfid_id\":\"RFID003\",\"gate_location\":\"main_gate\"}"}
[2025-09-28 09:33:10] [debug] Parsed input - Context: {"rfid_id":"RFID003","gate_location":"main_gate"}
[2025-09-28 09:33:10] [debug] Database connection established
[2025-09-28 09:33:10] [debug] Pusher broadcast result - Context: {"success":true}
[2025-09-28 09:33:10] [debug] Arduino command sent - Context: {"command":"unauthorized","response":{"command":"unauthorized","mode":"arduino","status":"sent"}}
[2025-09-28 09:36:31] [debug] Raw input received - Context: {"input":"{\"rfid_id\":\"0012084805\",\"gate_location\":\"main_gate\"}"}
[2025-09-28 09:36:31] [debug] Parsed input - Context: {"rfid_id":"0012084805","gate_location":"main_gate"}
[2025-09-28 09:36:31] [debug] Database connection established
[2025-09-28 09:36:31] [debug] Pusher broadcast result - Context: {"success":true}
[2025-09-28 09:36:31] [debug] Arduino command sent - Context: {"command":"open","response":{"command":"open","mode":"arduino","status":"sent"}}
[2025-10-02 08:42:09] [debug] Raw input received - Context: {"input":"{\"rfid_id\":\"asd\",\"gate_location\":\"main_gate\"}"}
[2025-10-02 08:42:09] [debug] Parsed input - Context: {"rfid_id":"asd","gate_location":"main_gate"}
[2025-10-02 08:42:09] [debug] Database connection established
[2025-10-02 08:42:10] [debug] Pusher broadcast result - Context: {"success":true}
[2025-10-02 08:42:12] [debug] Arduino command sent - Context: {"command":"unauthorized","response":{"status":"error","message":"Arduino communication failed: Failed to connect to Python bridge"}}
[2025-10-02 08:46:56] [debug] Raw input received - Context: {"input":"{\"rfid_id\":\"0011874549\",\"gate_location\":\"main_gate\"}"}
[2025-10-02 08:46:56] [debug] Parsed input - Context: {"rfid_id":"0011874549","gate_location":"main_gate"}
[2025-10-02 08:46:56] [debug] Database connection established
[2025-10-02 08:46:57] [debug] Pusher broadcast result - Context: {"success":true}
[2025-10-02 08:46:57] [debug] Arduino command sent - Context: {"command":"unauthorized","response":{"command":"unauthorized","mode":"arduino","status":"sent"}}
[2025-10-02 08:47:41] [debug] Raw input received - Context: {"input":"{\"rfid_id\":\"0011874549\",\"gate_location\":\"main_gate\"}"}
[2025-10-02 08:47:41] [debug] Parsed input - Context: {"rfid_id":"0011874549","gate_location":"main_gate"}
[2025-10-02 08:47:41] [debug] Database connection established
[2025-10-02 08:47:43] [debug] Pusher broadcast result - Context: {"success":true}
[2025-10-02 08:47:43] [debug] Arduino command sent - Context: {"command":"open","response":{"command":"open","mode":"arduino","status":"sent"}}
[2025-10-02 08:51:53] [debug] Raw input received - Context: {"input":"{\"rfid_id\":\"0011874549\",\"gate_location\":\"main_gate\"}"}
[2025-10-02 08:51:53] [debug] Parsed input - Context: {"rfid_id":"0011874549","gate_location":"main_gate"}
[2025-10-02 08:51:53] [debug] Database connection established
[2025-10-02 08:51:55] [debug] Pusher broadcast result - Context: {"success":true}
[2025-10-02 08:51:55] [debug] Arduino command sent - Context: {"command":"open","response":{"command":"open","mode":"arduino","status":"sent"}}
[2025-10-02 08:52:02] [debug] Raw input received - Context: {"input":"{\"rfid_id\":\"0011874549\",\"gate_location\":\"main_gate\"}"}
[2025-10-02 08:52:02] [debug] Parsed input - Context: {"rfid_id":"0011874549","gate_location":"main_gate"}
[2025-10-02 08:52:02] [debug] Database connection established
[2025-10-02 08:52:04] [debug] Pusher broadcast result - Context: {"success":true}
[2025-10-02 08:52:04] [debug] Arduino command sent - Context: {"command":"open","response":{"command":"open","mode":"arduino","status":"sent"}}
[2025-10-02 08:52:20] [debug] Raw input received - Context: {"input":"{\"rfid_id\":\"0011874549\",\"gate_location\":\"main_gate\"}"}
[2025-10-02 08:52:20] [debug] Parsed input - Context: {"rfid_id":"0011874549","gate_location":"main_gate"}
[2025-10-02 08:52:20] [debug] Database connection established
[2025-10-02 08:52:21] [debug] Pusher broadcast result - Context: {"success":true}
[2025-10-02 08:52:21] [debug] Arduino command sent - Context: {"command":"open","response":{"command":"open","mode":"arduino","status":"sent"}}
[2025-10-02 08:52:43] [debug] Raw input received - Context: {"input":"{\"rfid_id\":\"0011874549\",\"gate_location\":\"main_gate\"}"}
[2025-10-02 08:52:43] [debug] Parsed input - Context: {"rfid_id":"0011874549","gate_location":"main_gate"}
[2025-10-02 08:52:43] [debug] Database connection established
[2025-10-02 08:52:45] [debug] Pusher broadcast result - Context: {"success":true}
[2025-10-02 08:52:45] [debug] Arduino command sent - Context: {"command":"open","response":{"command":"open","mode":"arduino","status":"sent"}}
[2025-10-02 08:52:56] [debug] Raw input received - Context: {"input":"{\"rfid_id\":\"0011874549\",\"gate_location\":\"main_gate\"}"}
[2025-10-02 08:52:56] [debug] Parsed input - Context: {"rfid_id":"0011874549","gate_location":"main_gate"}
[2025-10-02 08:52:56] [debug] Database connection established
[2025-10-02 08:52:58] [debug] Pusher broadcast result - Context: {"success":true}
[2025-10-02 08:52:58] [debug] Arduino command sent - Context: {"command":"open","response":{"command":"open","mode":"arduino","status":"sent"}}
[2025-10-02 08:53:58] [debug] Raw input received - Context: {"input":"{\"rfid_id\":\"0011874549\",\"gate_location\":\"main_gate\"}"}
[2025-10-02 08:53:58] [debug] Parsed input - Context: {"rfid_id":"0011874549","gate_location":"main_gate"}
[2025-10-02 08:53:58] [debug] Database connection established
[2025-10-02 08:54:00] [debug] Pusher broadcast result - Context: {"success":true}
[2025-10-02 08:54:00] [debug] Arduino command sent - Context: {"command":"open","response":{"command":"open","mode":"arduino","status":"sent"}}
[2025-10-02 08:55:07] [debug] Raw input received - Context: {"input":"{\"rfid_id\":\"0011874549\",\"gate_location\":\"main_gate\"}"}
[2025-10-02 08:55:07] [debug] Parsed input - Context: {"rfid_id":"0011874549","gate_location":"main_gate"}
[2025-10-02 08:55:07] [debug] Database connection established
[2025-10-02 08:55:08] [debug] Pusher broadcast result - Context: {"success":true}
[2025-10-02 08:55:08] [debug] Arduino command sent - Context: {"command":"open","response":{"command":"open","mode":"arduino","status":"sent"}}
[2025-10-02 08:55:21] [debug] Raw input received - Context: {"input":"{\"rfid_id\":\"0011874549\",\"gate_location\":\"main_gate\"}"}
[2025-10-02 08:55:21] [debug] Parsed input - Context: {"rfid_id":"0011874549","gate_location":"main_gate"}
[2025-10-02 08:55:21] [debug] Database connection established
[2025-10-02 08:55:22] [debug] Pusher broadcast result - Context: {"success":true}
[2025-10-02 08:55:22] [debug] Arduino command sent - Context: {"command":"open","response":{"command":"open","mode":"arduino","status":"sent"}}
[2025-10-02 08:59:06] [debug] Raw input received - Context: {"input":"{\"rfid_id\":\"0011874549\",\"gate_location\":\"main_gate\"}"}
[2025-10-02 08:59:06] [debug] Parsed input - Context: {"rfid_id":"0011874549","gate_location":"main_gate"}
[2025-10-02 08:59:06] [debug] Database connection established
[2025-10-02 08:59:07] [debug] Pusher broadcast result - Context: {"success":true}
[2025-10-02 08:59:07] [debug] Arduino command sent - Context: {"command":"open","response":{"command":"open","mode":"arduino","status":"sent"}}
[2025-10-02 08:59:27] [debug] Raw input received - Context: {"input":"{\"rfid_id\":\"0011874549\",\"gate_location\":\"main_gate\"}"}
[2025-10-02 08:59:27] [debug] Parsed input - Context: {"rfid_id":"0011874549","gate_location":"main_gate"}
[2025-10-02 08:59:27] [debug] Database connection established
[2025-10-02 08:59:28] [debug] Pusher broadcast result - Context: {"success":true}
[2025-10-02 08:59:28] [debug] Arduino command sent - Context: {"command":"open","response":{"command":"open","mode":"arduino","status":"sent"}}
[2025-10-02 08:59:50] [debug] Raw input received - Context: {"input":"{\"rfid_id\":\"0011874549\",\"gate_location\":\"main_gate\"}"}
[2025-10-02 08:59:50] [debug] Parsed input - Context: {"rfid_id":"0011874549","gate_location":"main_gate"}
[2025-10-02 08:59:50] [debug] Database connection established
[2025-10-02 08:59:52] [debug] Pusher broadcast result - Context: {"success":true}
[2025-10-02 08:59:52] [debug] Arduino command sent - Context: {"command":"open","response":{"command":"open","mode":"arduino","status":"sent"}}
[2025-10-02 09:21:28] [debug] Raw input received - Context: {"input":"{\"rfid_id\":\"0011874549\",\"gate_location\":\"main_gate\"}"}
[2025-10-02 09:21:28] [debug] Parsed input - Context: {"rfid_id":"0011874549","gate_location":"main_gate"}
[2025-10-02 09:21:28] [debug] Database connection established
[2025-10-02 09:21:30] [debug] Pusher broadcast result - Context: {"success":true}
[2025-10-02 09:21:30] [debug] Arduino command sent - Context: {"command":"open","response":{"command":"open","mode":"arduino","status":"sent"}}
[2025-10-02 09:21:50] [debug] Raw input received - Context: {"input":"{\"rfid_id\":\"0011874549\",\"gate_location\":\"main_gate\"}"}
[2025-10-02 09:21:50] [debug] Parsed input - Context: {"rfid_id":"0011874549","gate_location":"main_gate"}
[2025-10-02 09:21:50] [debug] Database connection established
[2025-10-02 09:21:52] [debug] Pusher broadcast result - Context: {"success":true}
[2025-10-02 09:21:52] [debug] Arduino command sent - Context: {"command":"open","response":{"command":"open","mode":"arduino","status":"sent"}}
[2025-10-02 09:21:57] [debug] Raw input received - Context: {"input":"{\"rfid_id\":\"0011874549\",\"gate_location\":\"main_gate\"}"}
[2025-10-02 09:21:57] [debug] Parsed input - Context: {"rfid_id":"0011874549","gate_location":"main_gate"}
[2025-10-02 09:21:57] [debug] Database connection established
[2025-10-02 09:21:59] [debug] Pusher broadcast result - Context: {"success":true}
[2025-10-02 09:21:59] [debug] Arduino command sent - Context: {"command":"open","response":{"command":"open","mode":"arduino","status":"sent"}}
[2025-10-02 09:22:05] [debug] Raw input received - Context: {"input":"{\"rfid_id\":\"0011874549\",\"gate_location\":\"main_gate\"}"}
[2025-10-02 09:22:05] [debug] Parsed input - Context: {"rfid_id":"0011874549","gate_location":"main_gate"}
[2025-10-02 09:22:05] [debug] Database connection established
[2025-10-02 09:22:07] [debug] Pusher broadcast result - Context: {"success":true}
[2025-10-02 09:22:07] [debug] Arduino command sent - Context: {"command":"open","response":{"command":"open","mode":"arduino","status":"sent"}}
[2025-10-02 09:22:11] [debug] Raw input received - Context: {"input":"{\"rfid_id\":\"0011874549\",\"gate_location\":\"main_gate\"}"}
[2025-10-02 09:22:11] [debug] Parsed input - Context: {"rfid_id":"0011874549","gate_location":"main_gate"}
[2025-10-02 09:22:11] [debug] Database connection established
[2025-10-02 09:22:13] [debug] Pusher broadcast result - Context: {"success":true}
[2025-10-02 09:22:13] [debug] Arduino command sent - Context: {"command":"open","response":{"command":"open","mode":"arduino","status":"sent"}}
[2025-10-02 09:22:17] [debug] Raw input received - Context: {"input":"{\"rfid_id\":\"0011874549\",\"gate_location\":\"main_gate\"}"}
[2025-10-02 09:22:17] [debug] Parsed input - Context: {"rfid_id":"0011874549","gate_location":"main_gate"}
[2025-10-02 09:22:17] [debug] Database connection established
[2025-10-02 09:22:20] [debug] Pusher broadcast result - Context: {"success":true}
[2025-10-02 09:22:20] [debug] Arduino command sent - Context: {"command":"open","response":{"command":"open","mode":"arduino","status":"sent"}}
[2025-10-02 09:28:28] [debug] Raw input received - Context: {"input":"{\"rfid_id\":\"0011874549\",\"gate_location\":\"main_gate\"}"}
[2025-10-02 09:28:28] [debug] Parsed input - Context: {"rfid_id":"0011874549","gate_location":"main_gate"}
[2025-10-02 09:28:28] [debug] Database connection established
[2025-10-02 09:28:30] [debug] Pusher broadcast result - Context: {"success":true}
[2025-10-02 09:28:30] [debug] Arduino command sent - Context: {"command":"open","response":{"command":"open","mode":"arduino","status":"sent"}}
[2025-10-02 09:47:23] [debug] Raw input received - Context: {"input":"{\"rfid_id\":\"0011874549\",\"gate_location\":\"main_gate\"}"}
[2025-10-02 09:47:23] [debug] Parsed input - Context: {"rfid_id":"0011874549","gate_location":"main_gate"}
[2025-10-02 09:47:23] [debug] Database connection established
[2025-10-02 09:47:23] [debug] Pusher broadcast result - Context: {"success":true}
[2025-10-02 09:47:24] [debug] Arduino command sent - Context: {"command":"open","response":{"status":"error","message":"Arduino communication failed: Invalid JSON response from Python bridge"}}
[2025-10-02 09:50:23] [debug] Raw input received - Context: {"input":"{\"rfid_id\":\"0011874549\",\"gate_location\":\"main_gate\"}"}
[2025-10-02 09:50:23] [debug] Parsed input - Context: {"rfid_id":"0011874549","gate_location":"main_gate"}
[2025-10-02 09:50:23] [debug] Database connection established
[2025-10-02 09:50:26] [debug] Pusher broadcast result - Context: {"success":true}
[2025-10-02 09:50:26] [debug] Arduino command sent - Context: {"command":"open","response":{"command":"open","mode":"arduino","status":"sent"}}
[2025-10-02 09:50:41] [debug] Raw input received - Context: {"input":"{\"rfid_id\":\"open\",\"gate_location\":\"main_gate\"}"}
[2025-10-02 09:50:41] [debug] Parsed input - Context: {"rfid_id":"open","gate_location":"main_gate"}
[2025-10-02 09:50:41] [debug] Database connection established
[2025-10-02 09:50:44] [debug] Pusher broadcast result - Context: {"success":true}
[2025-10-02 09:50:44] [debug] Arduino command sent - Context: {"command":"unauthorized","response":{"command":"unauthorized","mode":"arduino","status":"sent"}}
[2025-10-02 09:50:54] [debug] Raw input received - Context: {"input":"{\"rfid_id\":\"open\",\"gate_location\":\"main_gate\"}"}
[2025-10-02 09:50:54] [debug] Parsed input - Context: {"rfid_id":"open","gate_location":"main_gate"}
[2025-10-02 09:50:54] [debug] Database connection established
[2025-10-02 09:50:56] [debug] Pusher broadcast result - Context: {"success":true}
[2025-10-02 09:50:56] [debug] Arduino command sent - Context: {"command":"unauthorized","response":{"command":"unauthorized","mode":"arduino","status":"sent"}}
[2025-10-02 09:51:37] [debug] Raw input received - Context: {"input":"{\"rfid_id\":\"0011874549\",\"gate_location\":\"main_gate\"}"}
[2025-10-02 09:51:37] [debug] Parsed input - Context: {"rfid_id":"0011874549","gate_location":"main_gate"}
[2025-10-02 09:51:37] [debug] Database connection established
[2025-10-02 09:51:39] [debug] Pusher broadcast result - Context: {"success":true}
[2025-10-02 09:51:39] [debug] Arduino command sent - Context: {"command":"open","response":{"command":"open","mode":"arduino","status":"sent"}}
[2025-10-02 09:51:54] [debug] Raw input received - Context: {"input":"{\"rfid_id\":\"0011874549\",\"gate_location\":\"main_gate\"}"}
[2025-10-02 09:51:54] [debug] Parsed input - Context: {"rfid_id":"0011874549","gate_location":"main_gate"}
[2025-10-02 09:51:54] [debug] Database connection established
[2025-10-02 09:51:57] [debug] Pusher broadcast result - Context: {"success":true}
[2025-10-02 09:51:57] [debug] Arduino command sent - Context: {"command":"open","response":{"command":"open","mode":"arduino","status":"sent"}}
[2025-10-02 09:53:39] [debug] Raw input received - Context: {"input":"{\"rfid_id\":\"0011874549\",\"gate_location\":\"main_gate\"}"}
[2025-10-02 09:53:39] [debug] Parsed input - Context: {"rfid_id":"0011874549","gate_location":"main_gate"}
[2025-10-02 09:53:39] [debug] Database connection established
[2025-10-02 09:53:42] [debug] Pusher broadcast result - Context: {"success":true}
[2025-10-02 09:53:42] [debug] Arduino command sent - Context: {"command":"open","response":{"command":"open","mode":"arduino","status":"sent"}}
[2025-10-02 09:56:33] [debug] Raw input received - Context: {"input":"{\"rfid_id\":\"0011874549\",\"gate_location\":\"main_gate\"}"}
[2025-10-02 09:56:33] [debug] Parsed input - Context: {"rfid_id":"0011874549","gate_location":"main_gate"}
[2025-10-02 09:56:33] [debug] Database connection established
[2025-10-02 09:56:35] [debug] Pusher broadcast result - Context: {"success":true}
[2025-10-02 09:56:35] [debug] Arduino command sent - Context: {"command":"open","response":{"command":"open","mode":"arduino","status":"sent"}}
[2025-10-02 09:56:42] [debug] Raw input received - Context: {"input":"{\"rfid_id\":\"0011874549\",\"gate_location\":\"main_gate\"}"}
[2025-10-02 09:56:42] [debug] Parsed input - Context: {"rfid_id":"0011874549","gate_location":"main_gate"}
[2025-10-02 09:56:42] [debug] Database connection established
[2025-10-02 09:56:44] [debug] Pusher broadcast result - Context: {"success":true}
[2025-10-02 09:56:44] [debug] Arduino command sent - Context: {"command":"open","response":{"command":"open","mode":"arduino","status":"sent"}}
[2025-10-05 14:10:39] [debug] Raw input received - Context: {"input":"{\"rfid_id\":\"STAFF001\",\"gate_location\":\"main_gate\"}"}
[2025-10-05 14:10:39] [debug] Parsed input - Context: {"rfid_id":"STAFF001","gate_location":"main_gate"}
[2025-10-05 14:10:39] [debug] Database connection established
[2025-10-05 14:10:44] [debug] Pusher broadcast result - Context: {"success":true}
[2025-10-05 14:10:46] [debug] Arduino command sent - Context: {"command":"unauthorized","response":{"status":"error","message":"Arduino communication failed: Failed to connect to Python bridge"}}
[2025-10-05 14:15:34] [debug] Raw input received - Context: {"input":"{\"rfid_id\":\"STUDENT001\",\"gate_location\":\"main_gate\"}"}
[2025-10-05 14:15:34] [debug] Parsed input - Context: {"rfid_id":"STUDENT001","gate_location":"main_gate"}
[2025-10-05 14:15:34] [debug] Database connection established
[2025-10-05 14:15:36] [debug] Pusher broadcast result - Context: {"success":true}
[2025-10-05 14:15:38] [debug] Arduino command sent - Context: {"command":"unauthorized","response":{"status":"error","message":"Arduino communication failed: Failed to connect to Python bridge"}}
[2025-10-05 14:32:32] [debug] Raw input received - Context: {"input":"{\"rfid_id\":\"RFID006\",\"gate_location\":\"main_gate\"}"}
[2025-10-05 14:32:32] [debug] Parsed input - Context: {"rfid_id":"RFID006","gate_location":"main_gate"}
[2025-10-05 14:32:32] [debug] Database connection established
[2025-10-05 14:32:34] [debug] Pusher broadcast result - Context: {"success":true}
[2025-10-05 14:32:36] [debug] Arduino command sent - Context: {"command":"open","response":{"status":"error","message":"Arduino communication failed: Failed to connect to Python bridge"}}
[2025-10-05 14:34:11] [debug] Raw input received - Context: {"input":"{\"rfid_id\":\"RFID002\",\"gate_location\":\"main_gate\"}"}
[2025-10-05 14:34:11] [debug] Parsed input - Context: {"rfid_id":"RFID002","gate_location":"main_gate"}
[2025-10-05 14:34:11] [debug] Database connection established
[2025-10-05 14:34:12] [debug] Pusher broadcast result - Context: {"success":true}
[2025-10-05 14:34:14] [debug] Arduino command sent - Context: {"command":"unauthorized","response":{"status":"error","message":"Arduino communication failed: Failed to connect to Python bridge"}}
[2025-10-05 14:34:46] [debug] Raw input received - Context: {"input":"{\"rfid_id\":\"RFID003\",\"gate_location\":\"main_gate\"}"}
[2025-10-05 14:34:46] [debug] Parsed input - Context: {"rfid_id":"RFID003","gate_location":"main_gate"}
[2025-10-05 14:34:46] [debug] Database connection established
[2025-10-05 14:34:46] [debug] Pusher broadcast result - Context: {"success":true}
[2025-10-05 14:34:49] [debug] Arduino command sent - Context: {"command":"unauthorized","response":{"status":"error","message":"Arduino communication failed: Failed to connect to Python bridge"}}
[2025-10-05 14:35:32] [debug] Raw input received - Context: {"input":"{\"rfid_id\":\"001F4D\",\"gate_location\":\"main_gate\"}"}
[2025-10-05 14:35:32] [debug] Parsed input - Context: {"rfid_id":"001F4D","gate_location":"main_gate"}
[2025-10-05 14:35:32] [debug] Database connection established
[2025-10-05 14:35:33] [debug] Pusher broadcast result - Context: {"success":true}
[2025-10-05 14:35:35] [debug] Arduino command sent - Context: {"command":"unauthorized","response":{"status":"error","message":"Arduino communication failed: Failed to connect to Python bridge"}}
[2025-10-05 14:40:53] [debug] Raw input received - Context: {"input":"{\"rfid_id\":\"001F4D\",\"gate_location\":\"main_gate\"}"}
[2025-10-05 14:40:53] [debug] Parsed input - Context: {"rfid_id":"001F4D","gate_location":"main_gate"}
[2025-10-05 14:40:53] [debug] Database connection established
[2025-10-05 14:40:55] [debug] Pusher broadcast result - Context: {"success":true}
[2025-10-05 14:40:57] [debug] Arduino command sent - Context: {"command":"unauthorized","response":{"status":"error","message":"Arduino communication failed: Failed to connect to Python bridge"}}
[2025-10-05 14:47:44] [debug] Raw input received - Context: {"input":"{\"rfid_id\":\"RFID006\",\"gate_location\":\"main_gate\"}"}
[2025-10-05 14:47:44] [debug] Parsed input - Context: {"rfid_id":"RFID006","gate_location":"main_gate"}
[2025-10-05 14:47:44] [debug] Database connection established
[2025-10-05 14:47:46] [debug] Pusher broadcast result - Context: {"success":true}
[2025-10-05 14:47:48] [debug] Arduino command sent - Context: {"command":"open","response":{"status":"error","message":"Arduino communication failed: Failed to connect to Python bridge"}}
[2025-10-05 14:48:07] [debug] Raw input received - Context: {"input":"{\"rfid_id\":\"RFID001\",\"gate_location\":\"main_gate\"}"}
[2025-10-05 14:48:07] [debug] Parsed input - Context: {"rfid_id":"RFID001","gate_location":"main_gate"}
[2025-10-05 14:48:07] [debug] Database connection established
[2025-10-05 14:48:08] [debug] Pusher broadcast result - Context: {"success":true}
[2025-10-05 14:48:10] [debug] Arduino command sent - Context: {"command":"open","response":{"status":"error","message":"Arduino communication failed: Failed to connect to Python bridge"}}
