[2025-09-03 12:35:47] [security] RFID Access: RFID003 - granted - Context: {"rfid_id":"RFID003","result":"granted","name":"Mike Johnson","gate":"main_gate","ip":"::1"}
[2025-09-03 12:36:02] [security] RFID Access: RFID004 - granted - Context: {"rfid_id":"RFID004","result":"granted","name":"Sarah Wilson","gate":"main_gate","ip":"::1"}
[2025-09-03 12:38:30] [security] RFID Access: RFID004 - granted - Context: {"rfid_id":"RFID004","result":"granted","name":"Sarah Wilson","gate":"main_gate","ip":"::1"}
[2025-09-03 12:38:40] [security] RFID Access: RFID004 - granted - Context: {"rfid_id":"RFID004","result":"granted","name":"Sarah Wilson","gate":"main_gate","ip":"::1"}
[2025-09-03 12:38:50] [security] RFID Access: RFID003 - denied - Context: {"rfid_id":"RFID003","result":"denied","name":"Mike Johnson","gate":"main_gate","ip":"::1"}
[2025-09-03 12:38:56] [security] RFID Access: RFID004 - granted - Context: {"rfid_id":"RFID004","result":"granted","name":"Sarah Wilson","gate":"main_gate","ip":"::1"}
[2025-09-03 12:39:02] [security] RFID Access: RFID004 - granted - Context: {"rfid_id":"RFID004","result":"granted","name":"Sarah Wilson","gate":"main_gate","ip":"::1"}
[2025-09-03 12:39:08] [security] RFID Access: UNKNOWN - denied - Context: {"rfid_id":"UNKNOWN","result":"denied","name":"Unknown","gate":"main_gate","ip":"::1"}
[2025-09-03 12:39:27] [security] RFID Access: RFID005 - granted - Context: {"rfid_id":"RFID005","result":"granted","name":"Bob Brown","gate":"main_gate","ip":"::1"}
[2025-09-03 12:49:08] [security] RFID Access: RFID002 - denied - Context: {"rfid_id":"RFID002","result":"denied","name":"Jane Smith","gate":"main_gate","ip":"::1"}
[2025-09-03 12:49:21] [security] RFID Access: RFID003 - denied - Context: {"rfid_id":"RFID003","result":"denied","name":"Mike Johnson","gate":"main_gate","ip":"::1"}
[2025-09-03 12:49:25] [security] RFID Access: RFID001 - granted - Context: {"rfid_id":"RFID001","result":"granted","name":"John Doe","gate":"main_gate","ip":"::1"}
[2025-09-03 12:57:24] [security] RFID Access: RFID001 - granted - Context: {"rfid_id":"RFID001","result":"granted","name":"John Doe","gate":"main_gate","ip":"::1"}
[2025-09-12 14:57:27] [security] RFID-Arduino Integration: Please analyze my codebase. I want to integrate PHP, Python, and Arduino for an RFID scanner module simulation.   For now, the RFID input will come from PHP (a form or API input), not from a real scanner.    The system flow should be:   1. PHP receives an RFID ID input.   2. PHP checks the database if the RFID ID exists.   3. If the RFID ID exists in the DB, PHP sends "open" to Python → Arduino (servo unlocks).   4. If the RFID ID does not exist, PHP sends "close" to Python → Arduino (servo stays locked).    Your task:   - Review my current PHP and Python code.   - Show how to connect PHP, Python, and Arduino together in this simulation.   - Implement the database check in PHP.   - Provide a clean, step-by-step integration with best practices so that later I can replace the PHP input with a real RFID scanner. - denied - Arduino: close - Context: {"rfid_id":"Please analyze my codebase. I want to integrate PHP, Python, and Arduino for an RFID scanner module simulation.   For now, the RFID input will come from PHP (a form or API input), not from a real scanner.    The system flow should be:   1. PHP receives an RFID ID input.   2. PHP checks the database if the RFID ID exists.   3. If the RFID ID exists in the DB, PHP sends \"open\" to Python \u2192 Arduino (servo unlocks).   4. If the RFID ID does not exist, PHP sends \"close\" to Python \u2192 Arduino (servo stays locked).    Your task:   - Review my current PHP and Python code.   - Show how to connect PHP, Python, and Arduino together in this simulation.   - Implement the database check in PHP.   - Provide a clean, step-by-step integration with best practices so that later I can replace the PHP input with a real RFID scanner.","result":"denied","name":"Unknown","gate":"main_gate","arduino_cmd":"close","arduino_status":"sent","ip":"::1"}
[2025-09-12 14:57:37] [security] RFID-Arduino Integration: 1234 - denied - Arduino: close - Context: {"rfid_id":"1234","result":"denied","name":"Unknown","gate":"main_gate","arduino_cmd":"close","arduino_status":"sent","ip":"::1"}
[2025-09-12 14:57:44] [security] RFID-Arduino Integration: RFID001 - granted - Arduino: open - Context: {"rfid_id":"RFID001","result":"granted","name":"John Doe","gate":"main_gate","arduino_cmd":"open","arduino_status":"sent","ip":"::1"}
[2025-09-12 14:57:52] [security] RFID-Arduino Integration: 21321 - denied - Arduino: close - Context: {"rfid_id":"21321","result":"denied","name":"Unknown","gate":"main_gate","arduino_cmd":"close","arduino_status":"sent","ip":"::1"}
[2025-09-12 15:00:58] [security] RFID-Arduino Integration: RFID001 - granted - Arduino: open - Context: {"rfid_id":"RFID001","result":"granted","name":"John Doe","gate":"main_gate","arduino_cmd":"open","arduino_status":"sent","ip":"127.0.0.1"}
[2025-09-12 15:00:59] [security] RFID-Arduino Integration: UNKNOWN123 - denied - Arduino: close - Context: {"rfid_id":"UNKNOWN123","result":"denied","name":"Unknown","gate":"main_gate","arduino_cmd":"close","arduino_status":"sent","ip":"127.0.0.1"}
[2025-09-12 15:01:58] [security] RFID-Arduino Integration: RFID001 - granted - Arduino: open - Context: {"rfid_id":"RFID001","result":"granted","name":"John Doe","gate":"main_gate","arduino_cmd":"open","arduino_status":"success","ip":"127.0.0.1"}
[2025-09-12 15:01:59] [security] RFID-Arduino Integration: UNKNOWN123 - denied - Arduino: close - Context: {"rfid_id":"UNKNOWN123","result":"denied","name":"Unknown","gate":"main_gate","arduino_cmd":"close","arduino_status":"success","ip":"127.0.0.1"}
[2025-09-12 15:02:21] [security] RFID-Arduino Integration: RFID001 - granted - Arduino: open - Context: {"rfid_id":"RFID001","result":"granted","name":"John Doe","gate":"main_gate","arduino_cmd":"open","arduino_status":"success","ip":"::1"}
[2025-09-12 15:02:29] [security] RFID-Arduino Integration: close - denied - Arduino: close - Context: {"rfid_id":"close","result":"denied","name":"Unknown","gate":"main_gate","arduino_cmd":"close","arduino_status":"success","ip":"::1"}
[2025-09-12 15:02:35] [security] RFID-Arduino Integration: 21321 - denied - Arduino: close - Context: {"rfid_id":"21321","result":"denied","name":"Unknown","gate":"main_gate","arduino_cmd":"close","arduino_status":"success","ip":"::1"}
[2025-09-12 15:16:47] [security] RFID Access: hey undo all yove done, bring back the old code - denied - Context: {"rfid_id":"hey undo all yove done, bring back the old code","result":"denied","name":"Unknown","gate":"main_gate","ip":"::1"}
[2025-09-12 15:16:59] [security] RFID Access: 89890 - denied - Context: {"rfid_id":"89890","result":"denied","name":"Unknown","gate":"main_gate","ip":"::1"}
[2025-09-12 15:17:13] [security] RFID Access: HJHJK - denied - Context: {"rfid_id":"HJHJK","result":"denied","name":"Unknown","gate":"main_gate","ip":"::1"}
[2025-09-12 15:18:31] [security] RFID Access: RFID001 - granted - Context: {"rfid_id":"RFID001","result":"granted","name":"John Doe","gate":"main_gate","ip":"::1"}
[2025-09-12 15:18:37] [security] RFID Access: YJHJ - denied - Context: {"rfid_id":"YJHJ","result":"denied","name":"Unknown","gate":"main_gate","ip":"::1"}
[2025-09-12 15:57:28] [security] RFID Access: RFID001 - granted - Context: {"rfid_id":"RFID001","result":"granted","name":"John Doe","gate":"main_gate","ip":"::1"}
[2025-09-20 05:47:46] [security] RFID Access: asdsadsa - denied - Context: {"rfid_id":"asdsadsa","result":"denied","name":"Unknown","gate":"main_gate","ip":"::1"}
[2025-09-20 05:48:25] [security] RFID Access: connection e - denied - Context: {"rfid_id":"connection e","result":"denied","name":"Unknown","gate":"main_gate","ip":"::1"}
[2025-09-20 05:48:43] [security] RFID Access: RFID001 - granted - Context: {"rfid_id":"RFID001","result":"granted","name":"John Doe","gate":"main_gate","ip":"::1"}
[2025-09-20 05:51:35] [security] RFID Access: hjhk - denied - Context: {"rfid_id":"hjhk","result":"denied","name":"Unknown","gate":"main_gate","ip":"::1"}
[2025-09-20 05:51:51] [security] RFID Access: RFID001 - granted - Context: {"rfid_id":"RFID001","result":"granted","name":"John Doe","gate":"main_gate","ip":"::1"}
[2025-09-20 05:52:14] [security] RFID Access: ASDSA - denied - Context: {"rfid_id":"ASDSA","result":"denied","name":"Unknown","gate":"main_gate","ip":"::1"}
[2025-09-20 06:15:03] [security] RFID Access: hjghh - denied - Context: {"rfid_id":"hjghh","result":"denied","name":"Unknown","gate":"main_gate","ip":"::1"}
[2025-09-20 06:15:25] [security] RFID Access: RFID001 - granted - Context: {"rfid_id":"RFID001","result":"granted","name":"John Doe","gate":"main_gate","ip":"::1"}
[2025-09-20 06:15:43] [security] RFID Access: RFID001 - granted - Context: {"rfid_id":"RFID001","result":"granted","name":"John Doe","gate":"main_gate","ip":"::1"}
[2025-09-20 06:16:41] [security] RFID Access: OPEN - denied - Context: {"rfid_id":"OPEN","result":"denied","name":"Unknown","gate":"main_gate","ip":"::1"}
[2025-09-20 06:16:46] [security] RFID Access: JHJHJK' - denied - Context: {"rfid_id":"JHJHJK'","result":"denied","name":"Unknown","gate":"main_gate","ip":"::1"}
[2025-09-20 06:17:03] [security] RFID Access: JHGJGJH - denied - Context: {"rfid_id":"JHGJGJH","result":"denied","name":"Unknown","gate":"main_gate","ip":"::1"}
[2025-09-20 06:17:08] [security] RFID Access: OPEN - denied - Context: {"rfid_id":"OPEN","result":"denied","name":"Unknown","gate":"main_gate","ip":"::1"}
[2025-09-20 06:17:12] [security] RFID Access: RFID001 - granted - Context: {"rfid_id":"RFID001","result":"granted","name":"John Doe","gate":"main_gate","ip":"::1"}
[2025-09-20 06:18:54] [security] RFID Access: DFKSDJF - denied - Context: {"rfid_id":"DFKSDJF","result":"denied","name":"Unknown","gate":"main_gate","ip":"::1"}
[2025-09-20 06:19:09] [security] RFID Access: RFID001 - granted - Context: {"rfid_id":"RFID001","result":"granted","name":"John Doe","gate":"main_gate","ip":"::1"}
[2025-09-20 06:19:24] [security] RFID Access: RFID001 - granted - Context: {"rfid_id":"RFID001","result":"granted","name":"John Doe","gate":"main_gate","ip":"::1"}
[2025-09-20 06:19:29] [security] RFID Access: HGHG - denied - Context: {"rfid_id":"HGHG","result":"denied","name":"Unknown","gate":"main_gate","ip":"::1"}
[2025-09-20 06:20:53] [security] RFID Access: HGJHGJH - denied - Context: {"rfid_id":"HGJHGJH","result":"denied","name":"Unknown","gate":"main_gate","ip":"::1"}
[2025-09-20 06:20:58] [security] RFID Access: RFID001 - granted - Context: {"rfid_id":"RFID001","result":"granted","name":"John Doe","gate":"main_gate","ip":"::1"}
[2025-09-20 06:58:59] [security] RFID Access: GHFFGH - denied - Context: {"rfid_id":"GHFFGH","result":"denied","name":"Unknown","gate":"main_gate","ip":"::1"}
[2025-09-20 06:59:03] [security] RFID Access: RFID001 - granted - Context: {"rfid_id":"RFID001","result":"granted","name":"John Doe","gate":"main_gate","ip":"::1"}
[2025-09-20 06:59:12] [security] RFID Access: JKHJK - denied - Context: {"rfid_id":"JKHJK","result":"denied","name":"Unknown","gate":"main_gate","ip":"::1"}
[2025-09-20 06:59:17] [security] RFID Access: RFID001 - granted - Context: {"rfid_id":"RFID001","result":"granted","name":"John Doe","gate":"main_gate","ip":"::1"}
[2025-09-20 06:59:25] [security] RFID Access: GJH - denied - Context: {"rfid_id":"GJH","result":"denied","name":"Unknown","gate":"main_gate","ip":"::1"}
[2025-09-20 06:59:31] [security] RFID Access: RFID001 - granted - Context: {"rfid_id":"RFID001","result":"granted","name":"John Doe","gate":"main_gate","ip":"::1"}
